Failed to retrieve governance. Status code: 404
GET https://github.com/sindresorhus/awesome-nodejs/issues
GET https://github.com/sindresorhus/awesome-nodejs/pulls
No matching content found
scrape executed in 759.30 seconds
Memory used: 24.43 MB
CPU usage: 4.80%
IO read: 4382547968 bytes
Successfully appended metrics data to summary file and saved as ../output/merged_raw_metrics.csv
get_raw_metrics executed in 2.89 seconds
Memory used: 23.23 MB
CPU usage: 0.00%
IO read: 14966784 bytes
Successfully generated detailed markdown file and saved as ../docs/Metrics_detail_template_Component_(Integrity)_awesome-nodejs.md
get_detailed_markdown_file executed in 2.24 seconds
Memory used: 0.00 MB
CPU usage: -5.90%
IO read: 28672 bytes
Normalized data has been successfully written to ../output/normalized_metrics.csv
Normalized data for Readme has been successfully written to ../output/readme_normalized_metrics.csv
Ranked data has been successfully written to ../output/ranked_metrics.csv
Ranked data for Readme has been successfully written to ../output/readme_ranked_metrics.csv
Readme.md has been successfully written to ../docs/README_awesome-nodejs.md
get_trustPercentile_readme_file executed in 3.66 seconds
Memory used: 13.02 MB
CPU usage: 2.80%
IO read: 8871936 bytes
