Request failed: ('Connection aborted.', ConnectionResetError(54, 'Connection reset by peer')). Retrying in 5 seconds...
Request failed: HTTPSConnectionPool(host='api.github.com', port=443): Max retries exceeded with url: /repos/hapijs/joi/commits/090b4fb58970d2b5f5b7a91e5b452169f443f9a3 (Caused by SSLError(SSLEOFError(8, '[SSL: UNEXPECTED_EOF_WHILE_READING] EOF occurred in violation of protocol (_ssl.c:1000)'))). Retrying in 5 seconds...
Failed to retrieve governance. Status code: 404
Failed to retrieve contributing. Status code: 404
Failed to retrieve code_of_conduct. Status code: 404
GET https://github.com/hapijs/joi/issues
GET https://github.com/hapijs/joi/pulls
scrape executed in 1915.24 seconds
Memory used: 30.95 MB
CPU usage: -3.90%
IO read: 33375334400 bytes
Successfully appended metrics data to summary file and saved as ../output/merged_raw_metrics.csv
get_raw_metrics executed in 7.17 seconds
Memory used: 3.19 MB
CPU usage: 21.30%
IO read: 207503360 bytes
Successfully generated detailed markdown file and saved as ../docs/Metrics_detail_template_Component_(Integrity)_joi.md
get_detailed_markdown_file executed in 2.21 seconds
Memory used: 0.00 MB
CPU usage: -10.30%
IO read: 91684864 bytes
Normalized data has been successfully written to ../output/normalized_metrics.csv
Normalized data for Readme has been successfully written to ../output/readme_normalized_metrics.csv
Ranked data has been successfully written to ../output/ranked_metrics.csv
Ranked data for Readme has been successfully written to ../output/readme_ranked_metrics.csv
Readme.md has been successfully written to ../docs/README_joi.md
get_trustPercentile_readme_file executed in 5.98 seconds
Memory used: 26.93 MB
CPU usage: 8.40%
IO read: 298934272 bytes

