Failed to retrieve governance. Status code: 404
Failed to retrieve contributing. Status code: 404
Failed to retrieve code_of_conduct. Status code: 404
GET https://github.com/microsoft/tslib/issues
GET https://github.com/microsoft/tslib/pulls
scrape executed in 314.34 seconds
Memory used: 25.61 MB
CPU usage: -50.40%
IO read: 3481440256 bytes
Successfully appended metrics data to summary file and saved as ../output/merged_raw_metrics.csv
get_raw_metrics executed in 2.59 seconds
Memory used: 2.22 MB
CPU usage: 4.60%
IO read: 7958528 bytes
Successfully generated detailed markdown file and saved as ../docs/Metrics_detail_template_Component_(Integrity)_tslib.md
get_detailed_markdown_file executed in 2.22 seconds
Memory used: 0.00 MB
CPU usage: 1.00%
IO read: 1867776 bytes
Normalized data has been successfully written to ../output/normalized_metrics.csv
Normalized data for Readme has been successfully written to ../output/readme_normalized_metrics.csv
Ranked data has been successfully written to ../output/ranked_metrics.csv
Ranked data for Readme has been successfully written to ../output/readme_ranked_metrics.csv
Readme.md has been successfully written to ../docs/README_tslib.md
get_trustPercentile_readme_file executed in 3.62 seconds
Memory used: 34.62 MB
CPU usage: 7.40%
IO read: 4616192 bytes
