scrape executed in 230.04 seconds
Memory used: 12.62 MB
CPU usage: -0.40%
IO read: 4032634880 bytes
Successfully appended metrics data to summary file and saved as ../output/merged_raw_metrics.csv
get_raw_metrics executed in 2.49 seconds
Memory used: 6.13 MB
CPU usage: 13.50%
IO read: 23064576 bytes
Successfully generated detailed markdown file and saved as ../docs/Metrics_detail_template_Component_(Integrity)_roughViz.md
get_detailed_markdown_file executed in 2.21 seconds
Memory used: 0.00 MB
CPU usage: -6.50%
IO read: 3145728 bytes
Normalized data has been successfully written to ../output/normalized_metrics.csv
Normalized data for Readme has been successfully written to ../output/readme_normalized_metrics.csv
Ranked data has been successfully written to ../output/ranked_metrics.csv
Ranked data for Readme has been successfully written to ../output/readme_ranked_metrics.csv
Readme.md has been successfully written to ../docs/README_roughViz.md
get_trustPercentile_readme_file executed in 5.16 seconds
Memory used: 33.59 MB
CPU usage: 6.00%
IO read: 68788224 bytes
