Request failed: HTTPSConnectionPool(host='api.github.com', port=443): Max retries exceeded with url: /repos/emotion-js/emotion/commits/4c56bcb04b98ee6f5a3724f7c2c5effee8cf6604 (Caused by SSLError(SSLEOFError(8, '[SSL: UNEXPECTED_EOF_WHILE_READING] EOF occurred in violation of protocol (_ssl.c:1000)'))). Retrying in 5 seconds...
Failed to retrieve governance. Status code: 404
Failed to retrieve code_of_conduct. Status code: 404
GET https://github.com/emotion-js/emotion/issues
GET https://github.com/emotion-js/emotion/pulls
An error occurred : HTTPSConnectionPool(host='api.github.com', port=443): Max retries exceeded with url: /repos/jaredwray/cacheable_legacy/releases?page=1&per_page=100 (Caused by SSLError(SSLEOFError(8, '[SSL: UNEXPECTED_EOF_WHILE_READING] EOF occurred in violation of protocol (_ssl.c:1000)'))). Skipping this issue.
An error occurred : HTTPSConnectionPool(host='api.github.com', port=443): Max retries exceeded with url: /repos/sindresorhus/string-length/releases?page=1&per_page=100 (Caused by SSLError(SSLEOFError(8, '[SSL: UNEXPECTED_EOF_WHILE_READING] EOF occurred in violation of protocol (_ssl.c:1000)'))). Skipping this issue.
An error occurred : HTTPSConnectionPool(host='api.github.com', port=443): Max retries exceeded with url: /repos/nwoltman/string-natural-compare/releases?page=2&per_page=100 (Caused by SSLError(SSLEOFError(8, '[SSL: UNEXPECTED_EOF_WHILE_READING] EOF occurred in violation of protocol (_ssl.c:1000)'))). Skipping this issue.
An error occurred : HTTPSConnectionPool(host='api.github.com', port=443): Max retries exceeded with url: /repos/es-shims/String.prototype.trim/releases?page=1&per_page=100 (Caused by SSLError(SSLEOFError(8, '[SSL: UNEXPECTED_EOF_WHILE_READING] EOF occurred in violation of protocol (_ssl.c:1000)'))). Skipping this issue.
An error occurred : HTTPSConnectionPool(host='api.github.com', port=443): Max retries exceeded with url: /repos/wooorm/stringify-entities/releases?page=2&per_page=100 (Caused by SSLError(SSLEOFError(8, '[SSL: UNEXPECTED_EOF_WHILE_READING] EOF occurred in violation of protocol (_ssl.c:1000)'))). Skipping this issue.
An error occurred : HTTPSConnectionPool(host='api.github.com', port=443): Max retries exceeded with url: /repos/rvagg/archived-string_decoder/releases?page=1&per_page=100 (Caused by SSLError(SSLEOFError(8, '[SSL: UNEXPECTED_EOF_WHILE_READING] EOF occurred in violation of protocol (_ssl.c:1000)'))). Skipping this issue.
An error occurred : HTTPSConnectionPool(host='api.github.com', port=443): Max retries exceeded with url: /repos/The-Code-Monkey/TechStack/releases?page=1&per_page=100 (Caused by SSLError(SSLEOFError(8, '[SSL: UNEXPECTED_EOF_WHILE_READING] EOF occurred in violation of protocol (_ssl.c:1000)'))). Skipping this issue.
An error occurred : HTTPSConnectionPool(host='api.github.com', port=443): Max retries exceeded with url: /repos/jorangreef/sudo-prompt/releases?page=1&per_page=100 (Caused by SSLError(SSLEOFError(8, '[SSL: UNEXPECTED_EOF_WHILE_READING] EOF occurred in violation of protocol (_ssl.c:1000)'))). Skipping this issue.
An error occurred : HTTPSConnectionPool(host='api.github.com', port=443): Max retries exceeded with url: /repos/chalk/supports-color/releases?page=1&per_page=100 (Caused by SSLError(SSLEOFError(8, '[SSL: UNEXPECTED_EOF_WHILE_READING] EOF occurred in violation of protocol (_ssl.c:1000)'))). Skipping this issue.
scrape executed in 9367.63 seconds
Memory used: 42.87 MB
CPU usage: 7.40%
IO read: 12138725376 bytes
Successfully appended metrics data to summary file and saved as ../output/merged_raw_metrics.csv
get_raw_metrics executed in 3.85 seconds
Memory used: 0.20 MB
CPU usage: -6.50%
IO read: 62021632 bytes
Successfully generated detailed markdown file and saved as ../docs/Metrics_detail_template_Component_(Integrity)_emotion.md
get_detailed_markdown_file executed in 2.23 seconds
Memory used: 0.00 MB
CPU usage: -8.50%
IO read: 532480 bytes
Normalized data has been successfully written to ../output/normalized_metrics.csv
Normalized data for Readme has been successfully written to ../output/readme_normalized_metrics.csv
Ranked data has been successfully written to ../output/ranked_metrics.csv
Ranked data for Readme has been successfully written to ../output/readme_ranked_metrics.csv
Readme.md has been successfully written to ../docs/README_emotion.md
get_trustPercentile_readme_file executed in 3.65 seconds
Memory used: 39.69 MB
CPU usage: 0.70%
IO read: 3608576 bytes
